<?xml version="1.0" encoding="UTF-8"?>
<!-- Generated by org.testng.reporters.JUnitXMLReporter -->
<testsuite ignored="0" hostname="DESKTOP-OTBCV93" failures="0" tests="6" name="Test" time="7.571" errors="0" timestamp="2023-12-28T11:05:45 GST">
  <testcase classname="com.api.test.CreateJobITestContext" name="createjobTest" time="1.535"/>
  <testcase classname="com.api.test.MappedEngineerUnderSupervisorITestContest" name="MappedEngineerUnderSupervisor" time="0.504"/>
  <testcase classname="com.api.test.AssignjobtoEngineer" name="createjobTest" time="0.669"/>
  <testcase classname="com.api.test.RepairComplete" name="createjobTest" time="0.313"/>
  <testcase classname="com.api.test.qccompleted" name="createjobTest" time="0.229"/>
  <testcase classname="com.api.test.Delivertothecustomer" name="DelivertothecustomerTest" time="0.252"/>
</testsuite> <!-- Test -->
