<?xml version="1.0" encoding="UTF-8"?>
<!-- Generated by org.testng.reporters.JUnitXMLReporter -->
<testsuite ignored="0" hostname="DESKTOP-OTBCV93" failures="0" tests="6" name="Test" time="9.095" errors="0" timestamp="17 Jan 2024 17:59:33 GMT">
  <testcase classname="com.api.test.CreateJobITestContext" name="createjobTest" time="2.055"/>
  <testcase classname="com.api.test.MappedEngineerUnderSupervisorITestContest" name="MappedEngineerUnderSupervisor" time="0.539"/>
  <testcase classname="com.api.test.AssignjobtoEngineer" name="createjobTest" time="0.636"/>
  <testcase classname="com.api.test.RepairComplete" name="createjobTest" time="0.319"/>
  <testcase classname="com.api.test.QCcompleted" name="createjobTest" time="0.294"/>
  <testcase classname="com.api.test.Delivertothecustomer" name="setUp" time="0.245"/>
</testsuite> <!-- Test -->
