<?xml version="1.0" encoding="UTF-8"?>
<!-- Generated by org.testng.reporters.JUnitXMLReporter -->
<testsuite ignored="0" hostname="DESKTOP-OTBCV93" failures="0" tests="19" name="API Tests" time="21.473" errors="0" timestamp="2023-12-28T11:43:57 GST">
  <testcase classname="com.api.test.LoginAPIrequest3" name="loginAPITest" time="4.214"/>
  <testcase classname="com.api.test.UserdetailsAPIrequest" name="Userdetails" time="0.407"/>
  <testcase classname="com.api.test.Dashboard_Count" name="dashBoardCount" time="0.888"/>
  <testcase classname="com.api.test.Master" name="masterData" time="0.856"/>
  <testcase classname="com.api.test.CreateJobITestContext" name="createjobTest" time="1.223"/>
  <testcase classname="com.api.test.LoginasSupervisor" name="LoginAsSpervisor" time="0.233"/>
  <testcase classname="com.api.test.PendingjobstoAssign" name="MappedEngineerUnderSupervisor" time="2.486"/>
  <testcase classname="com.api.test.MappedEngineerUnderSupervisorITestContest" name="MappedEngineerUnderSupervisor" time="0.376"/>
  <testcase classname="com.api.test.AssignjobtoEngineer" name="createjobTest" time="0.357"/>
  <testcase classname="com.api.test.LoginasEng" name="loginAPITest" time="0.193"/>
  <testcase classname="com.api.test.LoginasEngJoblist" name="LoginasEngjoblistTest" time="1.519"/>
  <testcase classname="com.api.test.LoginasEngMaster" name="createjobTest" time="0.517"/>
  <testcase classname="com.api.test.RepairComplete" name="createjobTest" time="0.44"/>
  <testcase classname="com.api.test.loginasQC" name="loginAPITest" time="0.254"/>
  <testcase classname="com.api.test.QCcheck" name="createjobTest" time="1.311"/>
  <testcase classname="com.api.test.QCcompleted" name="createjobTest" time="0.215"/>
  <testcase classname="com.api.test.qcdeliver" name="createjobTest" time="1.526"/>
  <testcase classname="com.api.test.LoginasfdAndreadyfordelivery" name="loginAPITest" time="0.311"/>
  <testcase classname="com.api.test.Delivertothecustomer" name="DelivertothecustomerTest" time="0.292"/>
</testsuite> <!-- API Tests -->
