<?xml version="1.0" encoding="UTF-8"?>
<!-- Generated by org.testng.reporters.JUnitXMLReporter -->
<testsuite ignored="0" hostname="DESKTOP-OTBCV93" failures="0" tests="19" name="API Tests" time="21.812" errors="0" timestamp="2024-01-17T21:53:51 GST">
  <testcase classname="com.api.test.LoginAPIrequest3" name="setUp" time="0.017"/>
  <testcase classname="com.api.test.UserdetailsAPIrequest" name="Userdetails" time="3.875"/>
  <testcase classname="com.api.test.Dashboard_Count" name="SetUP" time="0.266"/>
  <testcase classname="com.api.test.Master" name="masterData" time="1.589"/>
  <testcase classname="com.api.test.CreateJobITestContext" name="createjobTest" time="1.503"/>
  <testcase classname="com.api.test.LoginasSupervisor" name="LoginAsSpervisor" time="0.209"/>
  <testcase classname="com.api.test.PendingjobstoAssign" name="MappedEngineerUnderSupervisor" time="4.281"/>
  <testcase classname="com.api.test.MappedEngineerUnderSupervisorITestContest" name="MappedEngineerUnderSupervisor" time="0.34"/>
  <testcase classname="com.api.test.AssignjobtoEngineer" name="createjobTest" time="0.424"/>
  <testcase classname="com.api.test.LoginasEng" name="loginAPITest" time="0.238"/>
  <testcase classname="com.api.test.LoginasEngJoblist" name="LoginasEngjoblistTest" time="1.272"/>
  <testcase classname="com.api.test.LoginasEngMaster" name="createjobTest" time="0.32"/>
  <testcase classname="com.api.test.RepairComplete" name="createjobTest" time="0.364"/>
  <testcase classname="com.api.test.loginasQC" name="loginAPITest" time="0.287"/>
  <testcase classname="com.api.test.QCcheck" name="createjobTest" time="1.42"/>
  <testcase classname="com.api.test.QCcompleted" name="createjobTest" time="0.21"/>
  <testcase classname="com.api.test.qcdeliver" name="createjobTest" time="1.387"/>
  <testcase classname="com.api.test.LoginasfdAndreadyfordelivery" name="loginAPITest" time="0.305"/>
  <testcase classname="com.api.test.Delivertothecustomer" name="setUp" time="0.191"/>
</testsuite> <!-- API Tests -->
