<?xml version="1.0" encoding="UTF-8"?>
<testng-results ignored="0" total="1" passed="1" failed="0" skipped="0">
  <reporter-output>
  </reporter-output>
  <suite started-at="2023-12-30T19:57:11 GST" name="Default suite" finished-at="2023-12-30T19:57:16 GST" duration-ms="4938">
    <groups>
      <group name="sanity">
        <method signature="Dashboard_Count.dashBoardCount()[pri:0, instance:com.api.test.Dashboard_Count@2dbf4cbd]" name="dashBoardCount" class="com.api.test.Dashboard_Count"/>
      </group> <!-- sanity -->
    </groups>
    <test started-at="2023-12-30T19:57:11 GST" name="Default test" finished-at="2023-12-30T19:57:16 GST" duration-ms="4938">
      <class name="com.api.test.Dashboard_Count">
        <test-method is-config="true" signature="SetUP()[pri:0, instance:com.api.test.Dashboard_Count@2dbf4cbd]" started-at="2023-12-30T19:57:11 GST" name="SetUP" finished-at="2023-12-30T19:57:15 GST" duration-ms="3548" status="PASS">
          <reporter-output>
          </reporter-output>
        </test-method> <!-- SetUP -->
        <test-method signature="dashBoardCount()[pri:0, instance:com.api.test.Dashboard_Count@2dbf4cbd]" started-at="2023-12-30T19:57:15 GST" name="dashBoardCount" description="dashboradcount" finished-at="2023-12-30T19:57:16 GST" duration-ms="1337" status="PASS">
          <reporter-output>
          </reporter-output>
        </test-method> <!-- dashBoardCount -->
      </class> <!-- com.api.test.Dashboard_Count -->
    </test> <!-- Default test -->
  </suite> <!-- Default suite -->
</testng-results>
