<?xml version="1.0" encoding="UTF-8"?>
<testng-results ignored="17" total="19" passed="1" failed="1" skipped="0">
  <reporter-output>
  </reporter-output>
  <suite started-at="2024-01-18T13:10:10Z" name="Phoenix Test Suite" finished-at="2024-01-18T13:10:15Z" duration-ms="5309">
    <groups>
      <group name="sanity">
        <method signature="AssignjobtoEngineer.createjobTest(org.testng.ITestContext)[pri:0, instance:com.api.test.AssignjobtoEngineer@10ab1d3f]" name="createjobTest" class="com.api.test.AssignjobtoEngineer"/>
        <method signature="LoginAPIrequest3.loginAPITest()[pri:0, instance:com.api.test.LoginAPIrequest3@30568919]" name="loginAPITest" class="com.api.test.LoginAPIrequest3"/>
      </group> <!-- sanity -->
    </groups>
    <test started-at="2024-01-18T13:10:10Z" name="api-sanity_MyTest" finished-at="2024-01-18T13:10:15Z" duration-ms="5309">
      <class name="com.api.test.AssignjobtoEngineer">
        <test-method is-config="true" signature="setup()[pri:0, instance:com.api.test.AssignjobtoEngineer@10ab1d3f]" started-at="2024-01-18T13:10:10Z" name="setup" description="Intializing the headers" finished-at="2024-01-18T13:10:15Z" duration-ms="4659" status="PASS">
          <reporter-output>
          </reporter-output>
        </test-method> <!-- setup -->
        <test-method signature="createjobTest(org.testng.ITestContext)[pri:0, instance:com.api.test.AssignjobtoEngineer@10ab1d3f]" started-at="2024-01-18T13:10:15Z" name="createjobTest" description="test create job api requests generates job number" finished-at="2024-01-18T13:10:15Z" duration-ms="6" status="FAIL">
          <params>
            <param index="0">
              <value>
                <![CDATA[org.testng.TestRunner@14025f9d]]>
              </value>
            </param>
          </params>
          <exception class="java.lang.NullPointerException">
            <full-stacktrace>
              <![CDATA[java.lang.NullPointerException
at com.api.test.AssignjobtoEngineer.createjobTest(AssignjobtoEngineer.java:42)
at java.base/jdk.internal.reflect.NativeMethodAccessorImpl.invoke0(Native Method)
at java.base/jdk.internal.reflect.NativeMethodAccessorImpl.invoke(NativeMethodAccessorImpl.java:62)
at java.base/jdk.internal.reflect.DelegatingMethodAccessorImpl.invoke(DelegatingMethodAccessorImpl.java:43)
at java.base/java.lang.reflect.Method.invoke(Method.java:566)
at org.testng.internal.MethodInvocationHelper.invokeMethod(MethodInvocationHelper.java:124)
at org.testng.internal.Invoker.invokeMethod(Invoker.java:580)
at org.testng.internal.Invoker.invokeTestMethod(Invoker.java:716)
at org.testng.internal.Invoker.invokeTestMethods(Invoker.java:988)
at org.testng.internal.TestMethodWorker.invokeTestMethods(TestMethodWorker.java:125)
at org.testng.internal.TestMethodWorker.run(TestMethodWorker.java:109)
at java.base/java.util.concurrent.ThreadPoolExecutor.runWorker(ThreadPoolExecutor.java:1128)
at java.base/java.util.concurrent.ThreadPoolExecutor$Worker.run(ThreadPoolExecutor.java:628)
at java.base/java.lang.Thread.run(Thread.java:834)
]]>
            </full-stacktrace>
          </exception> <!-- java.lang.NullPointerException -->
          <reporter-output>
          </reporter-output>
        </test-method> <!-- createjobTest -->
      </class> <!-- com.api.test.AssignjobtoEngineer -->
      <class name="com.api.test.LoginAPIrequest3">
        <test-method is-config="true" signature="setUp()[pri:0, instance:com.api.test.LoginAPIrequest3@30568919]" started-at="2024-01-18T13:10:10Z" name="setUp" description="Intializing the headers" finished-at="2024-01-18T13:10:10Z" duration-ms="5" status="PASS">
          <reporter-output>
          </reporter-output>
        </test-method> <!-- setUp -->
        <test-method signature="loginAPITest()[pri:0, instance:com.api.test.LoginAPIrequest3@30568919]" started-at="2024-01-18T13:10:10Z" name="loginAPITest" description="login api request" finished-at="2024-01-18T13:10:15Z" duration-ms="4836" status="PASS">
          <reporter-output>
          </reporter-output>
        </test-method> <!-- loginAPITest -->
      </class> <!-- com.api.test.LoginAPIrequest3 -->
    </test> <!-- api-sanity_MyTest -->
  </suite> <!-- Phoenix Test Suite -->
</testng-results>
